<?xml version="1.0" encoding="UTF-8"?>
<testng-results ignored="0" total="2" passed="2" failed="0" skipped="0">
  <reporter-output>
  </reporter-output>
  <suite started-at="2024-11-23T11:30:30 IST" name="Default suite" finished-at="2024-11-23T11:31:18 IST" duration-ms="48315">
    <groups>
      <group name="cucumber">
        <method signature="AbstractTestNGCucumberTests.runScenario(io.cucumber.testng.PickleWrapper,io.cucumber.testng.FeatureWrapper)[pri:0, instance:TestRunner.CreateLeadRunner@2b71e916]" name="runScenario" class="io.cucumber.testng.AbstractTestNGCucumberTests"/>
      </group> <!-- cucumber -->
    </groups>
    <test started-at="2024-11-23T11:30:30 IST" name="Default test" finished-at="2024-11-23T11:31:18 IST" duration-ms="48315">
      <class name="TestRunner.CreateLeadRunner">
        <test-method is-config="true" signature="setUpClass(org.testng.ITestContext)[pri:0, instance:TestRunner.CreateLeadRunner@2b71e916]" started-at="2024-11-23T11:30:30 IST" name="setUpClass" finished-at="2024-11-23T11:30:31 IST" duration-ms="918" status="PASS">
          <params>
            <param index="0">
              <value>
                <![CDATA[org.testng.TestRunner@519c6fcc]]>
              </value>
            </param>
          </params>
          <reporter-output>
          </reporter-output>
        </test-method> <!-- setUpClass -->
        <test-method is-config="true" signature="preCondition()[pri:0, instance:TestRunner.CreateLeadRunner@2b71e916]" started-at="2024-11-23T11:30:31 IST" name="preCondition" finished-at="2024-11-23T11:30:41 IST" duration-ms="9509" status="PASS">
          <reporter-output>
          </reporter-output>
        </test-method> <!-- preCondition -->
        <test-method signature="runScenario(io.cucumber.testng.PickleWrapper,io.cucumber.testng.FeatureWrapper)[pri:0, instance:TestRunner.CreateLeadRunner@2b71e916]" started-at="2024-11-23T11:30:41 IST" name="runScenario" description="Runs Cucumber Scenarios" data-provider="scenarios" finished-at="2024-11-23T11:30:54 IST" duration-ms="13832" status="PASS">
          <params>
            <param index="0">
              <value>
                <![CDATA["Create lead scenario with valid test data"]]>
              </value>
            </param>
            <param index="1">
              <value>
                <![CDATA["Leads feature in leaftaps application"]]>
              </value>
            </param>
          </params>
          <reporter-output>
          </reporter-output>
        </test-method> <!-- runScenario -->
        <test-method is-config="true" signature="postCondition()[pri:0, instance:TestRunner.CreateLeadRunner@2b71e916]" started-at="2024-11-23T11:30:54 IST" name="postCondition" finished-at="2024-11-23T11:30:55 IST" duration-ms="575" status="PASS">
          <reporter-output>
          </reporter-output>
        </test-method> <!-- postCondition -->
        <test-method is-config="true" signature="preCondition()[pri:0, instance:TestRunner.CreateLeadRunner@2b71e916]" started-at="2024-11-23T11:30:55 IST" name="preCondition" finished-at="2024-11-23T11:31:03 IST" duration-ms="7802" status="PASS">
          <reporter-output>
          </reporter-output>
        </test-method> <!-- preCondition -->
        <test-method signature="runScenario(io.cucumber.testng.PickleWrapper,io.cucumber.testng.FeatureWrapper)[pri:0, instance:TestRunner.CreateLeadRunner@2b71e916]" started-at="2024-11-23T11:31:03 IST" name="runScenario" description="Runs Cucumber Scenarios" data-provider="scenarios" finished-at="2024-11-23T11:31:15 IST" duration-ms="12672" status="PASS">
          <params>
            <param index="0">
              <value>
                <![CDATA["Create lead scenario with valid test data"]]>
              </value>
            </param>
            <param index="1">
              <value>
                <![CDATA["Leads feature in leaftaps application"]]>
              </value>
            </param>
          </params>
          <reporter-output>
          </reporter-output>
        </test-method> <!-- runScenario -->
        <test-method is-config="true" signature="postCondition()[pri:0, instance:TestRunner.CreateLeadRunner@2b71e916]" started-at="2024-11-23T11:31:15 IST" name="postCondition" finished-at="2024-11-23T11:31:16 IST" duration-ms="583" status="PASS">
          <reporter-output>
          </reporter-output>
        </test-method> <!-- postCondition -->
        <test-method is-config="true" signature="tearDownClass()[pri:0, instance:TestRunner.CreateLeadRunner@2b71e916]" started-at="2024-11-23T11:31:16 IST" name="tearDownClass" finished-at="2024-11-23T11:31:18 IST" duration-ms="2338" status="PASS">
          <reporter-output>
          </reporter-output>
        </test-method> <!-- tearDownClass -->
      </class> <!-- TestRunner.CreateLeadRunner -->
    </test> <!-- Default test -->
  </suite> <!-- Default suite -->
</testng-results>
