<?xml version="1.0" encoding="UTF-8"?>
<testng-results ignored="0" total="2" passed="2" failed="0" skipped="0">
  <reporter-output>
  </reporter-output>
  <suite started-at="2024-11-24T11:20:09 IST" name="Suite" finished-at="2024-11-24T11:20:35 IST" duration-ms="25626">
    <groups>
    </groups>
    <test started-at="2024-11-24T11:20:09 IST" name="Test" finished-at="2024-11-24T11:20:35 IST" duration-ms="25626">
      <class name="testcases.TC_001_Login">
        <test-method is-config="true" signature="preCondition()[pri:0, instance:testcases.TC_001_Login@313ac989]" started-at="2024-11-24T11:20:09 IST" name="preCondition" finished-at="2024-11-24T11:20:25 IST" duration-ms="15566" status="PASS">
          <reporter-output>
          </reporter-output>
        </test-method> <!-- preCondition -->
        <test-method signature="runLogin()[pri:0, instance:testcases.TC_001_Login@313ac989]" started-at="2024-11-24T11:20:25 IST" name="runLogin" finished-at="2024-11-24T11:20:31 IST" duration-ms="6332" status="PASS">
          <reporter-output>
          </reporter-output>
        </test-method> <!-- runLogin -->
        <test-method is-config="true" signature="postCondition()[pri:0, instance:testcases.TC_001_Login@313ac989]" started-at="2024-11-24T11:20:31 IST" name="postCondition" finished-at="2024-11-24T11:20:35 IST" duration-ms="3641" status="PASS">
          <reporter-output>
          </reporter-output>
        </test-method> <!-- postCondition -->
      </class> <!-- testcases.TC_001_Login -->
      <class name="testcases.TC_002_CreateLead">
        <test-method is-config="true" signature="preCondition()[pri:0, instance:testcases.TC_002_CreateLead@131774fe]" started-at="2024-11-24T11:20:09 IST" name="preCondition" finished-at="2024-11-24T11:20:25 IST" duration-ms="15501" status="PASS">
          <reporter-output>
          </reporter-output>
        </test-method> <!-- preCondition -->
        <test-method signature="runCreateLead()[pri:0, instance:testcases.TC_002_CreateLead@131774fe]" started-at="2024-11-24T11:20:25 IST" name="runCreateLead" finished-at="2024-11-24T11:20:34 IST" duration-ms="9477" status="PASS">
          <reporter-output>
          </reporter-output>
        </test-method> <!-- runCreateLead -->
        <test-method is-config="true" signature="postCondition()[pri:0, instance:testcases.TC_002_CreateLead@131774fe]" started-at="2024-11-24T11:20:34 IST" name="postCondition" finished-at="2024-11-24T11:20:35 IST" duration-ms="571" status="PASS">
          <reporter-output>
          </reporter-output>
        </test-method> <!-- postCondition -->
      </class> <!-- testcases.TC_002_CreateLead -->
    </test> <!-- Test -->
  </suite> <!-- Suite -->
</testng-results>
