<?xml version="1.0" encoding="UTF-8"?>
<testng-results skipped="0" failed="0" ignored="0" total="1" passed="1">
  <reporter-output>
  </reporter-output>
  <suite name="Default suite" duration-ms="1525" started-at="2018-01-06T07:40:20Z" finished-at="2018-01-06T07:40:21Z">
    <groups>
    </groups>
    <test name="Default test" duration-ms="1525" started-at="2018-01-06T07:40:20Z" finished-at="2018-01-06T07:40:21Z">
      <class name="learnreporter.LearnExtent">
        <test-method status="PASS" signature="learnExtent()[pri:0, instance:learnreporter.LearnExtent@1fdc050]" name="learnExtent" duration-ms="1471" started-at="2018-01-05T23:40:20Z" finished-at="2018-01-05T23:40:21Z">
          <reporter-output>
          </reporter-output>
        </test-method> <!-- learnExtent -->
      </class> <!-- learnreporter.LearnExtent -->
    </test> <!-- Default test -->
  </suite> <!-- Default suite -->
</testng-results>
