<?xml version="1.0" encoding="UTF-8"?>
<testng-results ignored="0" total="1" passed="1" failed="0" skipped="0">
  <reporter-output>
  </reporter-output>
  <suite started-at="2024-11-23T13:17:48 IST" name="Default suite" finished-at="2024-11-23T13:18:03 IST" duration-ms="15758">
    <groups>
    </groups>
    <test started-at="2024-11-23T13:17:48 IST" name="Default test" finished-at="2024-11-23T13:18:03 IST" duration-ms="15758">
      <class name="testcases.TC_001_Login">
        <test-method is-config="true" signature="preCondition()[pri:0, instance:testcases.TC_001_Login@659499f1]" started-at="2024-11-23T13:17:48 IST" name="preCondition" finished-at="2024-11-23T13:17:58 IST" duration-ms="10600" status="PASS">
          <reporter-output>
          </reporter-output>
        </test-method> <!-- preCondition -->
        <test-method signature="runLogin()[pri:0, instance:testcases.TC_001_Login@659499f1]" started-at="2024-11-23T13:17:58 IST" name="runLogin" finished-at="2024-11-23T13:18:03 IST" duration-ms="4276" status="PASS">
          <reporter-output>
          </reporter-output>
        </test-method> <!-- runLogin -->
        <test-method is-config="true" signature="postCondition()[pri:0, instance:testcases.TC_001_Login@659499f1]" started-at="2024-11-23T13:18:03 IST" name="postCondition" finished-at="2024-11-23T13:18:03 IST" duration-ms="787" status="PASS">
          <reporter-output>
          </reporter-output>
        </test-method> <!-- postCondition -->
      </class> <!-- testcases.TC_001_Login -->
    </test> <!-- Default test -->
  </suite> <!-- Default suite -->
</testng-results>
