<?xml version="1.0" encoding="UTF-8"?>
<!-- Generated by org.testng.reporters.JUnitXMLReporter -->
<testsuite hostname="SankarViswanath" ignored="0" name="Test" tests="3" failures="0" timestamp="06 Jan 2018 05:46:00 GMT" time="78.218" errors="0">
  <testcase name="login" time="11.453" classname="testcases.CreateLead1"/>
  <testcase name="login" time="10.889" classname="testcases.CreateLead1"/>
  <testcase name="login" time="11.09" classname="testcases.CreateLead1"/>
</testsuite> <!-- Test -->
